================================================================================
== Profile: REAL-TIME, CPU-freq = 0.00 GHz
                                                          Calls Real-Time  Parent 
                                                                   (secs) fraction

    <zixl_543IiP35>~_zixl                                                1 23476331872.0 (100.0%)
  zixl_z57-ZAiL~_zixl                                                    1 23476331872.0         
    zixl_iSe2-4IPr155~_zixl                                              1 1354072503.0 (  5.8%)
      zixl_tP42-1eAyPIA2iPL~_zixl                                        1 721505592.0 ( 53.3%)
        zixl_tP42-ZAiL~_zixl                                             1 631724157.0 ( 87.6%)
          zixl_bgV-NIAL5eA2iPL~_zixl                                     1 135303095.0 ( 21.4%)
            zixl_V91rdrP41 [R]~_zixl                                    72 28569118.0 ( 21.1%)
            zixl_iSe2-2IAL5eA21-tePq~_zixl                               4 12174088.0 (  9.0%)
              zixl_2IAL5eA2iLq~_zixl                                     4 11837408.0 ( 97.2%)
                zixl_2IAL5eA21-tePq~_zixl                                4 4060267.0 ( 34.3%)
                <zixl_I152>~_zixl                                          7731770.0 ( 65.3%)
              <zixl_I152>~_zixl                                             336680.0 (  2.8%)
            <zixl_I152>~_zixl                                              94559889.0 ( 69.9%)
          zixl_eiL2-4I1-1eAy-rAeeyAr8~_zixl                             18 49673115.0 (  7.9%)
            zixl_V91rdrP41 [E]~_zixl                                    17 3244504.0 (  6.5%)
            <zixl_I152>~_zixl                                              46428611.0 ( 93.5%)
          <zixl_I152>~_zixl                                                445699931.0 ( 70.6%)
        <zixl_I152>~_zixl                                                  89781435.0 ( 12.4%)
      zixl_bgV-I152PI1-UPI8-ZA44iLq~_zixl                                1 299976556.0 ( 22.2%)
      <zixl_I152>~_zixl                                                    311466572.0 ( 23.0%)
      <zixl_58i441S>~_zixl                                                 21123783.0 (  1.6%)
    <zixl_I152>~_zixl                                                      22122234272.0 ( 94.2%)


================================================================================
== Profile: PEAK-MEMORY, CPU-freq = 0.00 GHz
                                                          Calls   Peak-Mb         
                                                                                  

