====================================================================================================
Lint Check Report
Questa Lint  Version 2021.1 4558100 win64 28-Jan-2021

Timestamp            : Wed Aug  6 00:06:49 2025
Description          : Report for referring checks count, check violations details, and  design information
Design               : SPI_Wrapper
Database             : D:/1-Work/3-Digital_Design_Kareem_Wassem/2-Final_Projects/Project_2_SPI/spi-slave-ram-fsm-verilog/questalint/lint.db
Design Quality Score : 100%

Sections:
   Section 1 : Check Summary
   Section 2 : Check Details
   Section 3 : Design Information
====================================================================================================


====================================================================================================
Section 1 : Check Summary
====================================================================================================
-------------
| Error (0) |
-------------

---------------
| Warning (0) |
---------------

------------
| Info (2) |
------------
  parameter_name_duplicate                : 1
  always_signal_assign_large              : 1

----------------
| Resolved (0) |
----------------


====================================================================================================
Section 2 : Check Details
====================================================================================================
-------------
| Error (0) |
-------------


---------------
| Warning (0) |
---------------


------------
| Info (2) |
------------

Check: parameter_name_duplicate [Category: Nomenclature Style] (1)
       [Message: Same parameter name is used in more than one module. Parameter '<parameter>', Total count '<count>', First module: Module '<module1>', File '<file1>', Line '<line1>', Second module: Module '<module2>', File '<file2>', Line '<line2>']
-----------------------------------------------------------------------------------------------------------------------------------------------------------------------------------------------------------------------------------------------------------
parameter_name_duplicate: [uninspected] Same parameter name is used in more than one module. Parameter 'MEM_DEPTH', Total count '2', First module: Module 'SPI_Wrapper', File 'D:/1-Work/3-Digital_Design_Kareem_Wassem/2-Final_Projects/Project_2_SPI/spi-slave-ram-fsm-verilog/src/SPI_Wrapper.v', Line '2', Second module: Module 'Single_Port_Sync_RAM', File 'D:/1-Work/3-Digital_Design_Kareem_Wassem/2-Final_Projects/Project_2_SPI/spi-slave-ram-fsm-verilog/src/Single_Port_Sync_RAM.v', Line '2'


Check: always_signal_assign_large [Category: Rtl Design Style] (1)
       [Message: Always block has more signal assignments than the specified limit. Total count '<count>', Specified limit '<limit>', Module '<module>', File '<file>', Line '<line>'.]
----------------------------------------------------------------------------------------------------------------------------------------------------------------------------------------
always_signal_assign_large: [uninspected] Always block has more signal assignments than the specified limit. Total count '7', Specified limit '5', Module 'SPI_Slave', File 'D:/1-Work/3-Digital_Design_Kareem_Wassem/2-Final_Projects/Project_2_SPI/spi-slave-ram-fsm-verilog/src/SPI_Slave.v', Line '90'.



----------------
| Resolved (0) |
----------------



====================================================================================================
Section 3 : Design Information
====================================================================================================
-----------
| Summary |
-----------
  Register Bits                           : 65
  Latch Bits                              : 0
  User-specified Blackboxes               : 0
  Inferred Blackboxes                     : 0
  Empty Modules                           : 0
  Unresolved Modules                      : 0
  Hierarchical IPs                        : 0

